<?xml version="1.0" encoding="UTF-8"?>
<!-- Generated by org.testng.reporters.JUnitReportReporter -->
<testsuite hostname="LAPTOP-9Q4H739H" failures="0" tests="1" name="org.example.AppTest" time="0.005" errors="0" timestamp="2022-08-28T21:49:20 CEST" skipped="0">
  <testcase classname="org.example.AppTest" name="shouldAnswerWithTrue" time="0.005"/>
  <system-out/>
</testsuite> <!-- org.example.AppTest -->
